<?xml version="1.0" encoding="UTF-8"?>
<!-- Generated by org.testng.reporters.JUnitXMLReporter -->
<testsuite hostname="hai-PC" name="tests1" tests="1" failures="1" timestamp="26 Sep 2014 06:10:46 GMT" time="12.993" errors="0">
  <testcase name="f" time="11.457" classname="test.giftcards">
    <failure type="java.lang.AssertionError" message="Test failed because XPATH moght have changed. No other key words found to use">
      <![CDATA[java.lang.AssertionError: Test failed because XPATH moght have changed. No other key words found to use
	at test.giftcards.f(giftcards.java:31)
... Removed 24 stack frames]]>
    </failure>
  </testcase> <!-- f -->
</testsuite> <!-- tests1 -->
